-------------------------------------------------------------------------------
Test set: com.auth0.samples.authapi.springbootauthupdated.SpringbootAuthUpdatedApplicationTests
-------------------------------------------------------------------------------
Tests run: 1, Failures: 0, Errors: 1, Skipped: 0, Time elapsed: 0.514 s <<< FAILURE! - in com.auth0.samples.authapi.springbootauthupdated.SpringbootAuthUpdatedApplicationTests
initializationError(com.auth0.samples.authapi.springbootauthupdated.SpringbootAuthUpdatedApplicationTests)  Time elapsed: 0.02 s  <<< ERROR!
java.lang.Exception: No runnable methods

